[14:52:44] [ServerMain/INFO]: Building unoptimized datafixer
[14:52:46] [ServerMain/INFO]: Environment: authHost='https://authserver.mojang.com', accountsHost='https://api.mojang.com', sessionHost='https://sessionserver.mojang.com', servicesHost='https://api.minecraftservices.com', name='PROD'
[14:52:50] [ServerMain/INFO]: Loaded 7 recipes
[14:52:53] [Server thread/INFO]: Starting minecraft server version 1.19.2
[14:52:53] [Server thread/INFO]: Loading properties
[14:52:53] [Server thread/INFO]: This server is running Paper version git-Paper-265 (MC: 1.19.2) (Implementing API version 1.19.2-R0.1-SNAPSHOT) (Git: 117579c)
[14:52:53] [Server thread/INFO]: Server Ping Player Sample Count: 12
[14:52:53] [Server thread/INFO]: Using 4 threads for Netty based IO
[14:52:54] [Server thread/INFO]: [ChunkTaskScheduler] Chunk system is using 1 I/O threads, 3 worker threads, and gen parallelism of 3 threads
[14:52:54] [Server console handler/ERROR]: [TerminalConsole] Failed to read console input
java.io.IOException: Descripteur non valide
	at java.io.FileInputStream.readBytes(Native Method) ~[?:?]
	at java.io.FileInputStream.read(FileInputStream.java:276) ~[?:?]
	at java.io.BufferedInputStream.read1(BufferedInputStream.java:282) ~[?:?]
	at java.io.BufferedInputStream.read(BufferedInputStream.java:343) ~[?:?]
	at sun.nio.cs.StreamDecoder.readBytes(StreamDecoder.java:270) ~[?:?]
	at sun.nio.cs.StreamDecoder.implRead(StreamDecoder.java:313) ~[?:?]
	at sun.nio.cs.StreamDecoder.read(StreamDecoder.java:188) ~[?:?]
	at java.io.InputStreamReader.read(InputStreamReader.java:176) ~[?:?]
	at java.io.BufferedReader.fill(BufferedReader.java:162) ~[?:?]
	at java.io.BufferedReader.readLine(BufferedReader.java:329) ~[?:?]
	at java.io.BufferedReader.readLine(BufferedReader.java:396) ~[?:?]
	at net.minecrell.terminalconsole.SimpleTerminalConsole.readCommands(SimpleTerminalConsole.java:180) ~[terminalconsoleappender-1.3.0.jar:?]
	at net.minecrell.terminalconsole.SimpleTerminalConsole.start(SimpleTerminalConsole.java:143) ~[terminalconsoleappender-1.3.0.jar:?]
	at net.minecraft.server.dedicated.DedicatedServer$1.run(DedicatedServer.java:107) ~[paper-1.19.2.jar:git-Paper-265]
	Suppressed: java.io.IOException: Descripteur non valide
		at java.io.FileDescriptor.close0(Native Method) ~[?:?]
		at java.io.FileDescriptor.close(FileDescriptor.java:297) ~[?:?]
		at java.io.FileInputStream$1.close(FileInputStream.java:477) ~[?:?]
		at java.io.FileDescriptor.closeAll(FileDescriptor.java:355) ~[?:?]
		at java.io.FileInputStream.close(FileInputStream.java:475) ~[?:?]
		at java.io.BufferedInputStream.close(BufferedInputStream.java:481) ~[?:?]
		at sun.nio.cs.StreamDecoder.implClose(StreamDecoder.java:366) ~[?:?]
		at sun.nio.cs.StreamDecoder.close(StreamDecoder.java:204) ~[?:?]
		at java.io.InputStreamReader.close(InputStreamReader.java:191) ~[?:?]
		at java.io.BufferedReader.close(BufferedReader.java:525) ~[?:?]
		at net.minecrell.terminalconsole.SimpleTerminalConsole.readCommands(SimpleTerminalConsole.java:183) ~[terminalconsoleappender-1.3.0.jar:?]
		at net.minecrell.terminalconsole.SimpleTerminalConsole.start(SimpleTerminalConsole.java:143) ~[terminalconsoleappender-1.3.0.jar:?]
		at net.minecraft.server.dedicated.DedicatedServer$1.run(DedicatedServer.java:107) ~[paper-1.19.2.jar:git-Paper-265]
[14:52:54] [Server thread/INFO]: Default game type: ADVENTURE
[14:52:54] [Server thread/INFO]: Generating keypair
[14:52:55] [Server thread/INFO]: Starting Minecraft server on *:25566
[14:52:55] [Server thread/INFO]: Using default channel type
[14:52:55] [Server thread/INFO]: Paper: Using Java compression from Velocity.
[14:52:55] [Server thread/INFO]: Paper: Using Java cipher from Velocity.
[14:52:56] [Server thread/INFO]: [voicechat] Loading voicechat v1.19-2.3.13
[14:52:56] [Server thread/INFO]: [Citizens] Loading Citizens v2.0.30-SNAPSHOT (build 2759)
[14:52:56] [Server thread/INFO]: [ViaVersion] Loading ViaVersion v4.4.2
[14:52:56] [Server thread/INFO]: [ViaVersion] ViaVersion 4.4.2 is now loaded, injecting!
[14:52:57] [Via-Mappingloader-0/INFO]: [ViaVersion] Loading 1.12 -> 1.13 mappings...
[14:52:57] [Via-Mappingloader-1/INFO]: [ViaVersion] Loading 1.13 -> 1.13.2 mappings...
[14:52:57] [Via-Mappingloader-2/INFO]: [ViaVersion] Loading 1.13.2 -> 1.14 mappings...
[14:52:57] [Via-Mappingloader-3/INFO]: [ViaVersion] Loading 1.14 -> 1.15 mappings...
[14:52:57] [Via-Mappingloader-4/INFO]: [ViaVersion] Loading 1.15 -> 1.16 mappings...
[14:52:57] [Via-Mappingloader-5/INFO]: [ViaVersion] Loading 1.16 -> 1.16.2 mappings...
[14:52:57] [Via-Mappingloader-6/INFO]: [ViaVersion] Loading 1.16.2 -> 1.17 mappings...
[14:52:57] [Via-Mappingloader-1/INFO]: [ViaVersion] Loading 1.17 -> 1.18 mappings...
[14:52:57] [Via-Mappingloader-0/INFO]: [ViaVersion] Loading block connection mappings ...
[14:52:57] [Via-Mappingloader-7/INFO]: [ViaVersion] Loading 1.18 -> 1.19 mappings...
[14:52:57] [Server thread/INFO]: [ViaBackwards] Loading ViaBackwards v4.4.2
[14:52:57] [Server thread/INFO]: [ViaBackwards] Loading translations...
[14:52:57] [Via-Mappingloader-3/INFO]: [ViaBackwards] Loading 1.10 -> 1.9.4 mappings...
[14:52:58] [Via-Mappingloader-3/INFO]: [ViaBackwards] Loading 1.11 -> 1.10 mappings...
[14:52:58] [Via-Mappingloader-4/INFO]: [ViaBackwards] Loading 1.12 -> 1.11 mappings...
[14:52:58] [Via-Mappingloader-5/INFO]: [ViaBackwards] Loading 1.13.2 -> 1.13 mappings...
[14:52:58] [Via-Mappingloader-5/INFO]: [ViaBackwards] Loading 1.14 -> 1.13.2 mappings...
[14:52:58] [Via-Mappingloader-7/INFO]: [ViaBackwards] Loading 1.13 -> 1.12 mappings...
[14:52:58] [Via-Mappingloader-0/INFO]: [ViaBackwards] Loading 1.15 -> 1.14 mappings...
[14:52:58] [Via-Mappingloader-6/INFO]: [ViaBackwards] Loading 1.16 -> 1.15 mappings...
[14:52:58] [Via-Mappingloader-1/INFO]: [ViaBackwards] Loading 1.16.2 -> 1.16 mappings...
[14:52:58] [Via-Mappingloader-4/INFO]: [ViaBackwards] Loading 1.17 -> 1.16.2 mappings...
[14:52:58] [Via-Mappingloader-2/INFO]: [ViaBackwards] Loading 1.18 -> 1.17 mappings...
[14:52:58] [Via-Mappingloader-3/INFO]: [ViaBackwards] Loading 1.19 -> 1.18 mappings...
[14:52:58] [Server thread/INFO]: Server permissions file permissions.yml is empty, ignoring it
[14:52:58] [Server thread/WARN]: **** SERVER IS RUNNING IN OFFLINE/INSECURE MODE!
[14:52:58] [Server thread/WARN]: The server will make no attempt to authenticate usernames. Beware.
[14:52:58] [Server thread/WARN]: Whilst this makes it possible to use BungeeCord, unless access to your server is properly restricted, it also opens up the ability for hackers to connect with any username they choose.
[14:52:58] [Server thread/WARN]: Please see http://www.spigotmc.org/wiki/firewall-guide/ for further information.
[14:52:58] [Server thread/WARN]: To change this, set "online-mode" to "true" in the server.properties file.
[14:52:58] [Server thread/INFO]: Preparing level "hub"
[14:52:59] [Server thread/INFO]: Preparing start region for dimension minecraft:overworld
[14:52:59] [Server thread/INFO]: Time elapsed: 281 ms
[14:52:59] [Server thread/INFO]: Preparing start region for dimension minecraft:the_nether
[14:52:59] [Server thread/INFO]: Time elapsed: 35 ms
[14:52:59] [Server thread/INFO]: [voicechat] Enabling voicechat v1.19-2.3.13
[14:52:59] [Server thread/INFO]: [voicechat] Compatibility version 15
[14:52:59] [Server thread/INFO]: [voicechat] Loading translations
[14:52:59] [Server thread/INFO]: [voicechat] Successfully initialized commodore command completion
[14:52:59] [Server thread/INFO]: [Citizens] Enabling Citizens v2.0.30-SNAPSHOT (build 2759)
[14:52:59] [Server thread/INFO]: [Citizens] Loading external libraries...
[14:53:03] [Server thread/INFO]: [Citizens] Loaded.
[14:53:05] [Server thread/INFO]: [ViaVersion] Enabling ViaVersion v4.4.2
[14:53:05] [Server thread/INFO]: [ViaBackwards] Enabling ViaBackwards v4.4.2
[14:53:05] [Server thread/INFO]: Running delayed init tasks
[14:53:05] [Server thread/INFO]: [voicechat] Loading plugins
[14:53:05] [Server thread/INFO]: [voicechat] Loaded 0 plugin(s)
[14:53:05] [Server thread/INFO]: [voicechat] Initializing plugins
[14:53:05] [Server thread/INFO]: [voicechat] Initialized 0 plugin(s)
[14:53:05] [Server thread/WARN]: [voicechat] Running in offline mode - Voice chat encryption is not secure!
[14:53:05] [Server thread/INFO]: [voicechat] Using default voicechat socket implementation
[14:53:05] [VoiceChatServerThread/INFO]: [voicechat] Server started at port 24454
[14:53:05] [Server thread/INFO]: [ViaVersion] ViaVersion detected server version: 1.19.1/2 (760)
[14:53:05] [User Authenticator #0/INFO]: UUID of player Alzhe is eb57380a-004b-4e21-87ba-04ce3a10297f
[14:53:05] [Server thread/INFO]: [Citizens] Chargement de 3 NPCs.
[14:53:05] [Server thread/INFO]: [ViaVersion] Finished mapping loading, shutting down loader executor!
[14:53:05] [Server thread/INFO]: Done (12.248s)! For help, type "help"
[14:53:05] [Server thread/INFO]: Timings Reset
[14:53:06] [Server thread/INFO]: [voicechat] Received secret request of Alzhe (15)
[14:53:06] [Server thread/INFO]: [voicechat] Sent secret to Alzhe
[14:53:06] [Server thread/INFO]: Alzhe joined the game
[14:53:06] [Server thread/INFO]: Alzhe[/127.0.0.1:56777] logged in with entity id 10 at ([hub]10.205273329634077, -60.0, 8.641354066721169)
[14:53:18] [Server thread/INFO]: Alzhe issued server command: /tellraw Alzhe ["",{"text":"|","bold":true,"color":"dark_gray"},{"text":" Ce serveur n'existe pas encore !","color":"green"}]
[14:53:35] [Server thread/INFO]: Alzhe lost connection: Disconnected
[14:53:35] [Server thread/INFO]: [voicechat] Disconnecting client Alzhe
[14:53:35] [Server thread/INFO]: Alzhe left the game
[14:53:46] [User Authenticator #0/INFO]: UUID of player Alzhe is eb57380a-004b-4e21-87ba-04ce3a10297f
[14:53:46] [Server thread/INFO]: Alzhe joined the game
[14:53:46] [Server thread/INFO]: Alzhe[/127.0.0.1:56802] logged in with entity id 20 at ([hub]17.60536353732472, -59.5, 10.046507506998221)
[14:53:47] [Server thread/INFO]: [voicechat] Received secret request of Alzhe (15)
[14:53:47] [Server thread/INFO]: [voicechat] Sent secret to Alzhe
[14:53:48] [VoiceChatPacketProcessingThread/INFO]: [voicechat] Successfully authenticated player eb57380a-004b-4e21-87ba-04ce3a10297f
[14:54:28] [Server thread/INFO]: Alzhe issued server command: /tellraw Alzhe ["",{"text":"|","bold":true,"color":"dark_gray"},{"text":" Ce serveur n'existe pas encore !","color":"green"}]
[14:54:29] [Server thread/INFO]: Alzhe issued server command: /tellraw Alzhe ["",{"text":"|","bold":true,"color":"dark_gray"},{"text":" Ce serveur n'existe pas encore !","color":"green"}]
[14:54:32] [Server thread/INFO]: Alzhe lost connection: Disconnected
[14:54:32] [Server thread/INFO]: [voicechat] Disconnecting client Alzhe
[14:54:32] [Server thread/INFO]: Alzhe left the game
[14:55:16] [Server thread/INFO]: Stopping the server
[14:55:16] [Server thread/INFO]: Stopping server
[14:55:16] [Server thread/INFO]: [ViaBackwards] Disabling ViaBackwards v4.4.2
[14:55:16] [Server thread/INFO]: [ViaVersion] Disabling ViaVersion v4.4.2
[14:55:16] [Server thread/INFO]: [ViaVersion] ViaVersion is disabling, if this is a reload and you experience issues consider rebooting.
[14:55:16] [Server thread/INFO]: [Citizens] Disabling Citizens v2.0.30-SNAPSHOT (build 2759)
[14:55:16] [Server thread/INFO]: [voicechat] Disabling voicechat v1.19-2.3.13
[14:55:16] [Server thread/INFO]: Saving players
[14:55:16] [Server thread/INFO]: Saving worlds
[14:55:16] [Server thread/INFO]: Saving chunks for level 'ServerLevel[hub]'/minecraft:overworld
[14:55:16] [Server thread/INFO]: [ChunkHolderManager] Waiting 60s for chunk system to halt for world 'hub'
[14:55:16] [Server thread/INFO]: [ChunkHolderManager] Halted chunk system for world 'hub'
[14:55:16] [Server thread/INFO]: [ChunkHolderManager] Saving all chunkholders for world 'hub'
[14:55:16] [Server thread/INFO]: [ChunkHolderManager] Saved 650 block chunks, 650 entity chunks, 0 poi chunks in world 'hub' in 0,40s
[14:55:16] [Server thread/INFO]: ThreadedAnvilChunkStorage (hub): All chunks are saved
[14:55:16] [Server thread/INFO]: Saving chunks for level 'ServerLevel[hub_nether]'/minecraft:the_nether
[14:55:16] [Server thread/INFO]: [ChunkHolderManager] Waiting 60s for chunk system to halt for world 'hub_nether'
[14:55:16] [Server thread/INFO]: [ChunkHolderManager] Halted chunk system for world 'hub_nether'
[14:55:16] [Server thread/INFO]: [ChunkHolderManager] Saving all chunkholders for world 'hub_nether'
[14:55:17] [Server thread/INFO]: [ChunkHolderManager] Saved 529 block chunks, 529 entity chunks, 0 poi chunks in world 'hub_nether' in 0,73s
[14:55:17] [Server thread/INFO]: ThreadedAnvilChunkStorage (DIM-1): All chunks are saved
[14:55:17] [Server thread/INFO]: ThreadedAnvilChunkStorage: All dimensions are saved
[14:55:17] [Server thread/INFO]: Flushing Chunk IO
[14:55:17] [Server thread/INFO]: Closing Thread Pool
[14:55:17] [Server thread/INFO]: Closing Server
