[00:10:50] [ServerMain/INFO]: Building unoptimized datafixer
[00:10:52] [ServerMain/WARN]: You specified a resource pack without providing a sha1 hash. Pack will be updated on the client only if you change the name of the pack.
[00:10:52] [ServerMain/INFO]: Environment: authHost='https://authserver.mojang.com', accountsHost='https://api.mojang.com', sessionHost='https://sessionserver.mojang.com', servicesHost='https://api.minecraftservices.com', name='PROD'
[00:10:52] [ServerMain/INFO]: Found new data pack file/bukkit, loading it automatically
[00:10:55] [ServerMain/INFO]: Loaded 7 recipes
[00:10:57] [Server thread/INFO]: Starting minecraft server version 1.19
[00:10:57] [Server thread/INFO]: Loading properties
[00:10:57] [Server thread/INFO]: This server is running Paper version git-Paper-81 (MC: 1.19) (Implementing API version 1.19-R0.1-SNAPSHOT) (Git: 86f87ba)
[00:10:58] [Server thread/INFO]: Server Ping Player Sample Count: 12
[00:10:58] [Server thread/INFO]: Using 4 threads for Netty based IO
[00:10:58] [Server console handler/ERROR]: [TerminalConsole] Failed to read console input
java.io.IOException: Descripteur non valide
	at java.io.FileInputStream.readBytes(Native Method) ~[?:?]
	at java.io.FileInputStream.read(FileInputStream.java:276) ~[?:?]
	at java.io.BufferedInputStream.read1(BufferedInputStream.java:282) ~[?:?]
	at java.io.BufferedInputStream.read(BufferedInputStream.java:343) ~[?:?]
	at sun.nio.cs.StreamDecoder.readBytes(StreamDecoder.java:270) ~[?:?]
	at sun.nio.cs.StreamDecoder.implRead(StreamDecoder.java:313) ~[?:?]
	at sun.nio.cs.StreamDecoder.read(StreamDecoder.java:188) ~[?:?]
	at java.io.InputStreamReader.read(InputStreamReader.java:176) ~[?:?]
	at java.io.BufferedReader.fill(BufferedReader.java:162) ~[?:?]
	at java.io.BufferedReader.readLine(BufferedReader.java:329) ~[?:?]
	at java.io.BufferedReader.readLine(BufferedReader.java:396) ~[?:?]
	at net.minecrell.terminalconsole.SimpleTerminalConsole.readCommands(SimpleTerminalConsole.java:180) ~[terminalconsoleappender-1.3.0.jar:?]
	at net.minecrell.terminalconsole.SimpleTerminalConsole.start(SimpleTerminalConsole.java:143) ~[terminalconsoleappender-1.3.0.jar:?]
	at net.minecraft.server.dedicated.DedicatedServer$1.run(DedicatedServer.java:107) ~[paper-1.19.jar:git-Paper-81]
	Suppressed: java.io.IOException: Descripteur non valide
		at java.io.FileDescriptor.close0(Native Method) ~[?:?]
		at java.io.FileDescriptor.close(FileDescriptor.java:297) ~[?:?]
		at java.io.FileInputStream$1.close(FileInputStream.java:477) ~[?:?]
		at java.io.FileDescriptor.closeAll(FileDescriptor.java:355) ~[?:?]
		at java.io.FileInputStream.close(FileInputStream.java:475) ~[?:?]
		at java.io.BufferedInputStream.close(BufferedInputStream.java:481) ~[?:?]
		at sun.nio.cs.StreamDecoder.implClose(StreamDecoder.java:366) ~[?:?]
		at sun.nio.cs.StreamDecoder.close(StreamDecoder.java:204) ~[?:?]
		at java.io.InputStreamReader.close(InputStreamReader.java:191) ~[?:?]
		at java.io.BufferedReader.close(BufferedReader.java:525) ~[?:?]
		at net.minecrell.terminalconsole.SimpleTerminalConsole.readCommands(SimpleTerminalConsole.java:183) ~[terminalconsoleappender-1.3.0.jar:?]
		at net.minecrell.terminalconsole.SimpleTerminalConsole.start(SimpleTerminalConsole.java:143) ~[terminalconsoleappender-1.3.0.jar:?]
		at net.minecraft.server.dedicated.DedicatedServer$1.run(DedicatedServer.java:107) ~[paper-1.19.jar:git-Paper-81]
[00:10:58] [Server thread/INFO]: Default game type: SURVIVAL
[00:10:58] [Server thread/INFO]: Generating keypair
[00:10:58] [Server thread/INFO]: Starting Minecraft server on *:25567
[00:10:58] [Server thread/INFO]: Using default channel type
[00:10:58] [Server thread/INFO]: Paper: Using Java 11 compression from Velocity.
[00:10:58] [Server thread/INFO]: Paper: Using Java cipher from Velocity.
[00:10:59] [Server thread/INFO]: [voicechat] Loading voicechat v1.19-2.3.10
[00:10:59] [Server thread/INFO]: [ViaVersion] Loading ViaVersion v4.4.2
[00:10:59] [Server thread/INFO]: [ViaVersion] ViaVersion 4.4.2 is now loaded, injecting!
[00:10:59] [Via-Mappingloader-0/INFO]: [ViaVersion] Loading 1.12 -> 1.13 mappings...
[00:10:59] [Via-Mappingloader-1/INFO]: [ViaVersion] Loading 1.13 -> 1.13.2 mappings...
[00:10:59] [Via-Mappingloader-2/INFO]: [ViaVersion] Loading 1.13.2 -> 1.14 mappings...
[00:10:59] [Via-Mappingloader-3/INFO]: [ViaVersion] Loading 1.14 -> 1.15 mappings...
[00:10:59] [Via-Mappingloader-4/INFO]: [ViaVersion] Loading 1.15 -> 1.16 mappings...
[00:11:00] [Via-Mappingloader-5/INFO]: [ViaVersion] Loading 1.16 -> 1.16.2 mappings...
[00:11:00] [Via-Mappingloader-6/INFO]: [ViaVersion] Loading 1.16.2 -> 1.17 mappings...
[00:11:00] [Via-Mappingloader-1/INFO]: [ViaVersion] Loading 1.17 -> 1.18 mappings...
[00:11:00] [Via-Mappingloader-0/INFO]: [ViaVersion] Loading block connection mappings ...
[00:11:00] [Via-Mappingloader-3/INFO]: [ViaVersion] Loading 1.18 -> 1.19 mappings...
[00:11:00] [Server thread/INFO]: [KixsChatGames] Loading KixsChatGames v1.8.8
[00:11:00] [Server thread/INFO]: [Vault] Loading Vault v1.7.3-b131
[00:11:00] [Server thread/INFO]: [ViaBackwards] Loading ViaBackwards v4.4.2
[00:11:00] [Server thread/INFO]: [ViaBackwards] Loading translations...
[00:11:00] [Via-Mappingloader-5/INFO]: [ViaBackwards] Loading 1.10 -> 1.9.4 mappings...
[00:11:00] [Via-Mappingloader-5/INFO]: [ViaBackwards] Loading 1.11 -> 1.10 mappings...
[00:11:00] [Via-Mappingloader-6/INFO]: [ViaBackwards] Loading 1.12 -> 1.11 mappings...
[00:11:00] [Via-Mappingloader-3/INFO]: [ViaBackwards] Loading 1.13 -> 1.12 mappings...
[00:11:00] [Via-Mappingloader-0/INFO]: [ViaBackwards] Loading 1.13.2 -> 1.13 mappings...
[00:11:00] [Via-Mappingloader-0/INFO]: [ViaBackwards] Loading 1.14 -> 1.13.2 mappings...
[00:11:00] [Via-Mappingloader-6/INFO]: [ViaBackwards] Loading 1.15 -> 1.14 mappings...
[00:11:00] [Via-Mappingloader-0/INFO]: [ViaBackwards] Loading 1.16 -> 1.15 mappings...
[00:11:00] [Via-Mappingloader-3/INFO]: [ViaBackwards] Loading 1.16.2 -> 1.16 mappings...
[00:11:00] [Via-Mappingloader-3/INFO]: [ViaBackwards] Loading 1.17 -> 1.16.2 mappings...
[00:11:00] [Via-Mappingloader-3/INFO]: [ViaBackwards] Loading 1.18 -> 1.17 mappings...
[00:11:00] [Via-Mappingloader-3/INFO]: [ViaBackwards] Loading 1.19 -> 1.18 mappings...
[00:11:00] [Server thread/INFO]: [GroupManager] Loading GroupManager v2.9 (Phoenix)
[00:11:00] [Server thread/INFO]: Server permissions file permissions.yml is empty, ignoring it
[00:11:00] [Server thread/INFO]: [Vault] Enabling Vault v1.7.3-b131
[00:11:00] [Server thread/WARN]: [Vault] Loaded class org.anjocaido.groupmanager.GroupManager from GroupManager v2.9 (Phoenix) which is not a depend or softdepend of this plugin.
[00:11:00] [Server thread/INFO]: [Vault] [Permission] GroupManager found: Waiting
[00:11:00] [Server thread/INFO]: [Vault] [Permission] SuperPermissions loaded as backup permission system.
[00:11:00] [Server thread/INFO]: [Vault] [Chat] GroupManager found: Waiting
[00:11:00] [Server thread/INFO]: [Vault] Enabled Version 1.7.3-b131
[00:11:00] [Server thread/WARN]: **** SERVER IS RUNNING IN OFFLINE/INSECURE MODE!
[00:11:00] [Server thread/WARN]: The server will make no attempt to authenticate usernames. Beware.
[00:11:00] [Server thread/WARN]: Whilst this makes it possible to use BungeeCord, unless access to your server is properly restricted, it also opens up the ability for hackers to connect with any username they choose.
[00:11:00] [Server thread/WARN]: Please see http://www.spigotmc.org/wiki/firewall-guide/ for further information.
[00:11:00] [Server thread/WARN]: To change this, set "online-mode" to "true" in the server.properties file.
[00:11:00] [Server thread/INFO]: Preparing level "monde"
[00:11:18] [Server thread/INFO]: Preparing start region for dimension minecraft:overworld
[00:11:18] [Server thread/INFO]: Time elapsed: 524 ms
[00:11:18] [Server thread/INFO]: Preparing start region for dimension minecraft:the_nether
[00:11:18] [Worker-Main-3/INFO]: Preparing spawn area: 0%
[00:11:19] [Worker-Main-4/INFO]: Preparing spawn area: 0%
[00:11:19] [Worker-Main-2/INFO]: Preparing spawn area: 0%
[00:11:19] [Server thread/INFO]: Time elapsed: 698 ms
[00:11:19] [Server thread/INFO]: Preparing start region for dimension minecraft:the_end
[00:11:19] [Worker-Main-2/INFO]: Preparing spawn area: 0%
[00:11:19] [Worker-Main-1/INFO]: Preparing spawn area: 0%
[00:11:20] [Server thread/INFO]: Time elapsed: 828 ms
[00:11:20] [Server thread/INFO]: [voicechat] Enabling voicechat v1.19-2.3.10
[00:11:20] [Server thread/INFO]: [voicechat] Compatibility version 15
[00:11:20] [Server thread/INFO]: [voicechat] Loading translations
[00:11:20] [Server thread/INFO]: [voicechat] Successfully initialized commodore command completion
[00:11:20] [Server thread/INFO]: [ViaVersion] Enabling ViaVersion v4.4.2
[00:11:20] [Server thread/INFO]: [KixsChatGames] Enabling KixsChatGames v1.8.8
[00:11:20] [Server thread/INFO]: [KixsChatGames] [STDOUT] [KixsChatGames] Leaked by YOURNAME @ BlackSpigot.com
[00:11:20] [Server thread/WARN]: Nag author(s): '[kixmc]' of 'KixsChatGames' about their usage of System.out/err.print. Please use your plugin's logger instead (JavaPlugin#getLogger).
[00:11:20] [Server thread/INFO]: 
[00:11:20] [Server thread/INFO]: --------------------------------------
[00:11:20] [Server thread/INFO]:      Kix's Chat Games by kixmc
[00:11:20] [Server thread/INFO]:      Starting on version 1.8.8
[00:11:20] [Server thread/INFO]: --------------------------------------
[00:11:20] [Server thread/INFO]: 
[00:11:21] [Server thread/INFO]: [KixsChatGames Updater] Update checking has been disabled; you will not be notified when new releases are available. Please note, you won't be able to take advantage of new features as quickly!
[00:11:21] [Server thread/INFO]: [ViaBackwards] Enabling ViaBackwards v4.4.2
[00:11:21] [Server thread/INFO]: [GroupManager] Enabling GroupManager v2.9 (Phoenix)
[00:11:21] [Server thread/INFO]: [GroupManager] [STDOUT] [GroupManager] World Found: monde
[00:11:21] [Server thread/WARN]: Nag author(s): '[AnjoCaido, Gabriel Couto, ElgarL]' of 'GroupManager' about their usage of System.out/err.print. Please use your plugin's logger instead (JavaPlugin#getLogger).
[00:11:21] [Server thread/INFO]: [GroupManager] [STDOUT] [GroupManager] World Found: world
[00:11:21] [Server thread/INFO]: [GroupManager] [STDOUT] [GroupManager] Superperms support enabled.
[00:11:21] [Server thread/INFO]: [GroupManager] [STDOUT] [GroupManager] Scheduled Data Saving is set for every 10 minutes!
[00:11:21] [Server thread/INFO]: [GroupManager] [STDOUT] [GroupManager] Backups will be retained for 24 hours!
[00:11:21] [Server thread/INFO]: [GroupManager] [STDOUT] [GroupManager] version 2.9 (Phoenix) is enabled!
[00:11:21] [Server thread/INFO]: [Vault][Permission] GroupManager hooked.
[00:11:21] [Server thread/INFO]: [Vault] [Vault][Chat] GroupManager - Chat hooked.
[00:11:21] [Server thread/INFO]: Running delayed init tasks
[00:11:21] [Server thread/INFO]: [voicechat] Loading plugins
[00:11:21] [Server thread/INFO]: [voicechat] Loaded 0 plugin(s)
[00:11:21] [Server thread/INFO]: [voicechat] Initializing plugins
[00:11:21] [Server thread/INFO]: [voicechat] Initialized 0 plugin(s)
[00:11:21] [Server thread/WARN]: [voicechat] Running in offline mode - Voice chat encryption is not secure!
[00:11:21] [Server thread/INFO]: [voicechat] Using default voicechat socket implementation
[00:11:21] [VoiceChatServerThread/FATAL]: [voicechat] Failed to run voice chat at UDP port 24454, make sure no other application is running at that port
[00:11:21] [VoiceChatServerThread/ERROR]: [voicechat] Voice chat server error Address already in use: bind
[00:11:21] [Server thread/INFO]: [ViaVersion] ViaVersion detected server version: 1.19 (759)
[00:11:21] [Server thread/INFO]: [GroupManager] [STDOUT] [GroupManager] Bukkit Permissions Updated!
[00:11:21] [Server thread/FATAL]: [voicechat] Disabling Simple Voice Chat
[00:11:21] [Server thread/INFO]: [voicechat] Disabling voicechat v1.19-2.3.10
[00:11:21] [Server thread/INFO]: [ViaVersion] Finished mapping loading, shutting down loader executor!
[00:11:21] [Server thread/INFO]: Done (23.755s)! For help, type "help"
[00:11:21] [Server thread/INFO]: Timings Reset
[00:11:21] [Craft Scheduler Thread - 1 - Vault/INFO]: [Vault] Checking for Updates ... 
[00:11:21] [Craft Scheduler Thread - 2 - GroupManager/INFO]: [GroupManager] [STDOUT] [GroupManager] There was an issue parsing the version string.
[00:11:21] [Craft Scheduler Thread - 2 - GroupManager/INFO]: [GroupManager] [STDOUT] [GroupManager] No new version available
[00:11:21] [Craft Scheduler Thread - 1 - Vault/INFO]: [Vault] No new version available
[00:12:49] [User Authenticator #1/INFO]: UUID of player Alzhe is eb57380a-004b-4e21-87ba-04ce3a10297f
[00:12:49] [Server thread/INFO]: Alzhe joined the game
[00:12:49] [Server thread/INFO]: Alzhe[/127.0.0.1:51201] logged in with entity id 364 at ([monde]-2.5, 68.0, 57.5)
[00:12:57] [Server thread/INFO]: Alzhe lost connection: Disconnected
[00:12:57] [Server thread/INFO]: Alzhe left the game
[00:13:25] [Server thread/INFO]: Stopping the server
[00:13:25] [Server thread/INFO]: Stopping server
[00:13:25] [Server thread/INFO]: [GroupManager] Disabling GroupManager v2.9 (Phoenix)
[00:13:25] [Server thread/INFO]: [Vault][Permission] GroupManager un-hooked.
[00:13:25] [Server thread/INFO]: [Vault] [Vault][Chat] GroupManager - Chat un-hooked.
[00:13:25] [Server thread/ERROR]: [GroupManager] [STDERR] [GroupManager] Scheduled Data Saving is Disabled!
[00:13:25] [Server thread/INFO]: [GroupManager] [STDOUT] [GroupManager] version 2.9 (Phoenix) is disabled!
[00:13:25] [Server thread/INFO]: [ViaBackwards] Disabling ViaBackwards v4.4.2
[00:13:25] [Server thread/INFO]: [Vault] Disabling Vault v1.7.3-b131
[00:13:25] [Server thread/INFO]: [KixsChatGames] Disabling KixsChatGames v1.8.8
[00:13:25] [Server thread/INFO]: [Kix's Chat Games] Goodbye!
[00:13:25] [Server thread/INFO]: [ViaVersion] Disabling ViaVersion v4.4.2
[00:13:25] [Server thread/INFO]: [ViaVersion] ViaVersion is disabling, if this is a reload and you experience issues consider rebooting.
[00:13:25] [Server thread/INFO]: Saving players
[00:13:25] [Server thread/INFO]: Saving worlds
[00:13:25] [Server thread/INFO]: Saving chunks for level 'ServerLevel[monde]'/minecraft:overworld
[00:13:30] [Server thread/INFO]: Saving chunks for level 'ServerLevel[monde_nether]'/minecraft:the_nether
[00:13:30] [Server thread/INFO]: Saving chunks for level 'ServerLevel[monde_the_end]'/minecraft:the_end
[00:13:30] [Server thread/INFO]: ThreadedAnvilChunkStorage (monde): All chunks are saved
[00:13:30] [Server thread/INFO]: ThreadedAnvilChunkStorage (DIM-1): All chunks are saved
[00:13:30] [Server thread/INFO]: ThreadedAnvilChunkStorage (DIM1): All chunks are saved
[00:13:30] [Server thread/INFO]: ThreadedAnvilChunkStorage: All dimensions are saved
[00:13:30] [Server thread/INFO]: Flushing Chunk IO
[00:13:30] [Server thread/INFO]: Closing Thread Pool
[00:13:30] [Server thread/INFO]: Closing Server
